<?xml version="1.0" encoding="UTF-8"?>
<robot generator="Robot 3.1.2 (Python 3.7.4 on win32)" generated="20200619 10:17:09.818" rpa="false">
<suite id="s1" name="Testsuite" source="D:\Test\2structure\firefox\Testsuite.robot">
<test id="s1-t1" name="searchLink3th">
<kw name="เปิดหน้าBrowser" library="Keyword">
<kw name="Open Browser" library="SeleniumLibrary">
<doc>Opens a new browser instance to the given ``url``.</doc>
<arguments>
<arg>${URL}</arg>
<arg>${BROWSER}</arg>
</arguments>
<msg timestamp="20200619 10:17:10.163" level="INFO">Opening browser 'firefox' to base url 'https://google.com/'.</msg>
<status status="PASS" starttime="20200619 10:17:10.162" endtime="20200619 10:17:17.262"></status>
</kw>
<kw name="Maximize Browser Window" library="SeleniumLibrary">
<doc>Maximizes current browser window.</doc>
<status status="PASS" starttime="20200619 10:17:17.263" endtime="20200619 10:17:17.267"></status>
</kw>
<status status="PASS" starttime="20200619 10:17:10.161" endtime="20200619 10:17:17.268"></status>
</kw>
<kw name="ค้นหาคำว่าseleniumlibrary" library="Keyword">
<kw name="Input Text" library="SeleniumLibrary">
<doc>Types the given ``text`` into text field identified by ``locator``.</doc>
<arguments>
<arg>${name_Input}</arg>
<arg>${word}</arg>
</arguments>
<msg timestamp="20200619 10:17:17.273" level="INFO">Typing text 'seleniumlibrary' into text field 'name=q'.</msg>
<status status="PASS" starttime="20200619 10:17:17.272" endtime="20200619 10:17:17.374"></status>
</kw>
<kw name="Submit Form" library="SeleniumLibrary">
<doc>Submits a form identified by ``locator``.</doc>
<msg timestamp="20200619 10:17:17.375" level="INFO">Submitting form 'None'.</msg>
<status status="PASS" starttime="20200619 10:17:17.375" endtime="20200619 10:17:17.429"></status>
</kw>
<kw name="Wait Until Element Contains" library="SeleniumLibrary">
<doc>Waits until element ``locator`` contains ``text``.</doc>
<arguments>
<arg>${search_value}</arg>
<arg>${searchword_value}</arg>
<arg>timeout=${wait_Timeout}</arg>
</arguments>
<status status="PASS" starttime="20200619 10:17:17.429" endtime="20200619 10:17:18.016"></status>
</kw>
<status status="PASS" starttime="20200619 10:17:17.271" endtime="20200619 10:17:18.016"></status>
</kw>
<kw name="คลิกลิงค์ที่3" library="Keyword">
<kw name="Click Link" library="SeleniumLibrary">
<doc>Clicks a link identified by ``locator``.</doc>
<arguments>
<arg>${link3th}</arg>
</arguments>
<msg timestamp="20200619 10:17:18.018" level="INFO">Clicking link 'xpath=//*[@id="rso"]/div[3]/div/div[1]/a'.</msg>
<status status="PASS" starttime="20200619 10:17:18.017" endtime="20200619 10:17:18.645"></status>
</kw>
<kw name="Element Text Should Be" library="SeleniumLibrary">
<doc>Verifies that element ``locator`` contains exact text ``expected``.</doc>
<arguments>
<arg>${locator_value}</arg>
<arg>${word_value}</arg>
</arguments>
<msg timestamp="20200619 10:17:18.646" level="INFO">Verifying element 'xpath=/html/body/h1' contains exact text 'Selenium2Library'.</msg>
<status status="PASS" starttime="20200619 10:17:18.646" endtime="20200619 10:17:18.672"></status>
</kw>
<status status="PASS" starttime="20200619 10:17:18.017" endtime="20200619 10:17:18.672"></status>
</kw>
<kw name="Close Browser" library="SeleniumLibrary" type="teardown">
<doc>Closes the current browser.</doc>
<status status="PASS" starttime="20200619 10:17:18.673" endtime="20200619 10:17:20.055"></status>
</kw>
<status status="PASS" starttime="20200619 10:17:10.161" endtime="20200619 10:17:20.055" critical="yes"></status>
</test>
<status status="PASS" starttime="20200619 10:17:09.820" endtime="20200619 10:17:20.057"></status>
</suite>
<statistics>
<total>
<stat pass="1" fail="0">Critical Tests</stat>
<stat pass="1" fail="0">All Tests</stat>
</total>
<tag>
</tag>
<suite>
<stat pass="1" fail="0" id="s1" name="Testsuite">Testsuite</stat>
</suite>
</statistics>
<errors>
</errors>
</robot>
