<?xml version="1.0" encoding="UTF-8"?>
<robot generator="Robot 3.1.2 (Python 3.7.4 on win32)" generated="20200619 10:19:12.800" rpa="false">
<suite id="s1" name="Testsuite" source="D:\Test\2structure\chrome\Testsuite.robot">
<test id="s1-t1" name="searchLink3th">
<kw name="เปิดหน้าBrowser Google" library="Keyword">
<kw name="Open Browser" library="SeleniumLibrary">
<doc>Opens a new browser instance to the given ``url``.</doc>
<arguments>
<arg>${URL}</arg>
<arg>${BROWSER}</arg>
</arguments>
<msg timestamp="20200619 10:19:13.256" level="INFO">Opening browser 'ff' to base url 'https://google.com/'.</msg>
<status status="PASS" starttime="20200619 10:19:13.256" endtime="20200619 10:19:20.811"></status>
</kw>
<kw name="Maximize Browser Window" library="SeleniumLibrary">
<doc>Maximizes current browser window.</doc>
<status status="PASS" starttime="20200619 10:19:20.812" endtime="20200619 10:19:20.817"></status>
</kw>
<status status="PASS" starttime="20200619 10:19:13.255" endtime="20200619 10:19:20.817"></status>
</kw>
<kw name="ค้นหาคำว่าseleniumlibrary" library="Keyword">
<kw name="Input Text" library="SeleniumLibrary">
<doc>Types the given ``text`` into text field identified by ``locator``.</doc>
<arguments>
<arg>${name_Input}</arg>
<arg>${word}</arg>
</arguments>
<msg timestamp="20200619 10:19:20.820" level="INFO">Typing text 'seleniumlibrary' into text field 'name=q'.</msg>
<status status="PASS" starttime="20200619 10:19:20.818" endtime="20200619 10:19:21.002"></status>
</kw>
<kw name="Submit Form" library="SeleniumLibrary">
<doc>Submits a form identified by ``locator``.</doc>
<msg timestamp="20200619 10:19:21.002" level="INFO">Submitting form 'None'.</msg>
<status status="PASS" starttime="20200619 10:19:21.002" endtime="20200619 10:19:21.051"></status>
</kw>
<kw name="Wait Until Element Contains" library="SeleniumLibrary">
<doc>Waits until element ``locator`` contains ``text``.</doc>
<arguments>
<arg>${search_value}</arg>
<arg>${searchword_value}</arg>
<arg>timeout=${wait_Timeout}</arg>
</arguments>
<status status="PASS" starttime="20200619 10:19:21.051" endtime="20200619 10:19:21.513"></status>
</kw>
<status status="PASS" starttime="20200619 10:19:20.818" endtime="20200619 10:19:21.514"></status>
</kw>
<kw name="คลิกลิงค์ที่3" library="Keyword">
<kw name="Click Link" library="SeleniumLibrary">
<doc>Clicks a link identified by ``locator``.</doc>
<arguments>
<arg>${link3th}</arg>
</arguments>
<msg timestamp="20200619 10:19:21.515" level="INFO">Clicking link 'xpath=//*[@id="rso"]/div[3]/div/div[1]/a'.</msg>
<status status="PASS" starttime="20200619 10:19:21.515" endtime="20200619 10:19:22.137"></status>
</kw>
<kw name="Element Text Should Be" library="SeleniumLibrary">
<doc>Verifies that element ``locator`` contains exact text ``expected``.</doc>
<arguments>
<arg>${locator_value}</arg>
<arg>${word_value}</arg>
</arguments>
<msg timestamp="20200619 10:19:22.138" level="INFO">Verifying element 'xpath=/html/body/h1' contains exact text 'Selenium2Library'.</msg>
<status status="PASS" starttime="20200619 10:19:22.138" endtime="20200619 10:19:22.181"></status>
</kw>
<status status="PASS" starttime="20200619 10:19:21.514" endtime="20200619 10:19:22.181"></status>
</kw>
<kw name="Close Browser" library="SeleniumLibrary" type="teardown">
<doc>Closes the current browser.</doc>
<status status="PASS" starttime="20200619 10:19:22.182" endtime="20200619 10:19:23.309"></status>
</kw>
<status status="PASS" starttime="20200619 10:19:13.253" endtime="20200619 10:19:23.309" critical="yes"></status>
</test>
<status status="PASS" starttime="20200619 10:19:12.803" endtime="20200619 10:19:23.313"></status>
</suite>
<statistics>
<total>
<stat pass="1" fail="0">Critical Tests</stat>
<stat pass="1" fail="0">All Tests</stat>
</total>
<tag>
</tag>
<suite>
<stat pass="1" fail="0" id="s1" name="Testsuite">Testsuite</stat>
</suite>
</statistics>
<errors>
</errors>
</robot>
