<?xml version="1.0" encoding="UTF-8"?>
<robot generator="Robot 3.1.2 (Python 3.7.4 on win32)" generated="20200616 15:35:01.572" rpa="false">
<suite id="s1" name="Opencase" source="D:\Test\opencase.robot">
<test id="s1-t1" name="Open Google">
<kw name="เปิด Browser">
<kw name="Open Browser" library="SeleniumLibrary">
<doc>Opens a new browser instance to the given ``url``.</doc>
<arguments>
<arg>${URL}</arg>
</arguments>
<msg timestamp="20200616 15:35:01.850" level="INFO">Opening browser 'firefox' to base url 'https://google.com/'.</msg>
<status status="PASS" starttime="20200616 15:35:01.849" endtime="20200616 15:35:08.849"></status>
</kw>
<status status="PASS" starttime="20200616 15:35:01.849" endtime="20200616 15:35:08.849"></status>
</kw>
<kw name="ค้นหาคำว่าแมว">
<kw name="Input Text" library="SeleniumLibrary">
<doc>Types the given ``text`` into text field identified by ``locator``.</doc>
<arguments>
<arg>name="q"</arg>
<arg>แมว</arg>
</arguments>
<msg timestamp="20200616 15:35:08.861" level="INFO">Typing text 'แมว' into text field 'name="q"'.</msg>
<kw name="Capture Page Screenshot" library="SeleniumLibrary">
<doc>Takes screenshot of the current page and embeds it into log file.</doc>
<msg timestamp="20200616 15:35:09.052" level="INFO" html="yes">&lt;/td&gt;&lt;/tr&gt;&lt;tr&gt;&lt;td colspan="3"&gt;&lt;a href="selenium-screenshot-4.png"&gt;&lt;img src="selenium-screenshot-4.png" width="800px"&gt;&lt;/a&gt;</msg>
<status status="PASS" starttime="20200616 15:35:08.894" endtime="20200616 15:35:09.052"></status>
</kw>
<msg timestamp="20200616 15:35:09.052" level="FAIL">InvalidSelectorException: Message: Given css selector expression "[name=""q""]" is invalid: SyntaxError: Document.querySelectorAll: '[name=""q""]' is not a valid selector
</msg>
<status status="FAIL" starttime="20200616 15:35:08.861" endtime="20200616 15:35:09.052"></status>
</kw>
<status status="FAIL" starttime="20200616 15:35:08.859" endtime="20200616 15:35:09.052"></status>
</kw>
<status status="FAIL" starttime="20200616 15:35:01.848" endtime="20200616 15:35:09.066" critical="yes">InvalidSelectorException: Message: Given css selector expression "[name=""q""]" is invalid: SyntaxError: Document.querySelectorAll: '[name=""q""]' is not a valid selector
</status>
</test>
<status status="FAIL" starttime="20200616 15:35:01.574" endtime="20200616 15:35:09.072"></status>
</suite>
<statistics>
<total>
<stat pass="0" fail="1">Critical Tests</stat>
<stat pass="0" fail="1">All Tests</stat>
</total>
<tag>
</tag>
<suite>
<stat pass="0" fail="1" id="s1" name="Opencase">Opencase</stat>
</suite>
</statistics>
<errors>
</errors>
</robot>
