<?xml version="1.0" encoding="UTF-8"?>
<robot generator="Robot 3.1.2 (Python 3.7.4 on win32)" generated="20200622 16:21:53.648" rpa="false">
<suite id="s1" name="Forloop" source="D:\Test\forloop\forloop.robot">
<test id="s1-t1" name="searchforloop">
<kw name="เปิดหน้าBrowser">
<kw name="Open Browser" library="SeleniumLibrary">
<doc>Opens a new browser instance to the given ``url``.</doc>
<arguments>
<arg>${URL}</arg>
<arg>${BROWSER}</arg>
</arguments>
<msg timestamp="20200622 16:21:54.000" level="INFO">Opening browser 'ff' to base url 'http://google.com/'.</msg>
<status status="PASS" starttime="20200622 16:21:53.999" endtime="20200622 16:22:02.059"></status>
</kw>
<kw name="Maximize Browser Window" library="SeleniumLibrary">
<doc>Maximizes current browser window.</doc>
<status status="PASS" starttime="20200622 16:22:02.059" endtime="20200622 16:22:02.074"></status>
</kw>
<status status="PASS" starttime="20200622 16:21:53.999" endtime="20200622 16:22:02.074"></status>
</kw>
<kw name="ค้นหาคำว่าseleniumlibrary">
<kw name="Input Text" library="SeleniumLibrary">
<doc>Types the given ``text`` into text field identified by ``locator``.</doc>
<arguments>
<arg>${input_Text}</arg>
<arg>${word_search}</arg>
</arguments>
<msg timestamp="20200622 16:22:02.077" level="INFO">Typing text 'Waits until text appears on current page.' into text field 'name=q'.</msg>
<status status="PASS" starttime="20200622 16:22:02.076" endtime="20200622 16:22:02.417"></status>
</kw>
<kw name="Submit Form" library="SeleniumLibrary">
<doc>Submits a form identified by ``locator``.</doc>
<msg timestamp="20200622 16:22:02.417" level="INFO">Submitting form 'None'.</msg>
<status status="PASS" starttime="20200622 16:22:02.417" endtime="20200622 16:22:02.494"></status>
</kw>
<kw name="Wait Until Element Is Visible" library="SeleniumLibrary">
<doc>Waits until element ``locator`` is visible.</doc>
<arguments>
<arg>${locator_value}</arg>
</arguments>
<status status="PASS" starttime="20200622 16:22:02.495" endtime="20200622 16:22:03.162"></status>
</kw>
<status status="PASS" starttime="20200622 16:22:02.075" endtime="20200622 16:22:03.162"></status>
</kw>
<kw name="forloopSearch">
<kw name="${i} IN RANGE [ 3 | 6 ]" type="for">
<kw name="${i} = 3" type="foritem">
<kw name="Click Element" library="SeleniumLibrary">
<doc>Click element identified by ``locator``.</doc>
<arguments>
<arg>xpath=//*[@id='rso']/div[${i}]/div/div[1]/a</arg>
</arguments>
<msg timestamp="20200622 16:22:03.164" level="INFO">Clicking element 'xpath=//*[@id='rso']/div[3]/div/div[1]/a'.</msg>
<status status="PASS" starttime="20200622 16:22:03.164" endtime="20200622 16:22:05.348"></status>
</kw>
<kw name="Wait Until Page Contains" library="SeleniumLibrary">
<doc>Waits until ``text`` appears on current page.</doc>
<arguments>
<arg>${search_value}</arg>
</arguments>
<status status="PASS" starttime="20200622 16:22:05.348" endtime="20200622 16:22:05.361"></status>
</kw>
<kw name="Go Back" library="SeleniumLibrary">
<doc>Simulates the user clicking the back button on their browser.</doc>
<status status="PASS" starttime="20200622 16:22:05.361" endtime="20200622 16:22:05.906"></status>
</kw>
<kw name="Wait Until Element Is Visible" library="SeleniumLibrary">
<doc>Waits until element ``locator`` is visible.</doc>
<arguments>
<arg>${locator_value}</arg>
</arguments>
<status status="PASS" starttime="20200622 16:22:05.906" endtime="20200622 16:22:05.970"></status>
</kw>
<status status="PASS" starttime="20200622 16:22:03.164" endtime="20200622 16:22:05.970"></status>
</kw>
<kw name="${i} = 4" type="foritem">
<kw name="Click Element" library="SeleniumLibrary">
<doc>Click element identified by ``locator``.</doc>
<arguments>
<arg>xpath=//*[@id='rso']/div[${i}]/div/div[1]/a</arg>
</arguments>
<msg timestamp="20200622 16:22:05.971" level="INFO">Clicking element 'xpath=//*[@id='rso']/div[4]/div/div[1]/a'.</msg>
<status status="PASS" starttime="20200622 16:22:05.971" endtime="20200622 16:22:07.989"></status>
</kw>
<kw name="Wait Until Page Contains" library="SeleniumLibrary">
<doc>Waits until ``text`` appears on current page.</doc>
<arguments>
<arg>${search_value}</arg>
</arguments>
<status status="PASS" starttime="20200622 16:22:07.989" endtime="20200622 16:22:08.077"></status>
</kw>
<kw name="Go Back" library="SeleniumLibrary">
<doc>Simulates the user clicking the back button on their browser.</doc>
<status status="PASS" starttime="20200622 16:22:08.077" endtime="20200622 16:22:08.321"></status>
</kw>
<kw name="Wait Until Element Is Visible" library="SeleniumLibrary">
<doc>Waits until element ``locator`` is visible.</doc>
<arguments>
<arg>${locator_value}</arg>
</arguments>
<status status="PASS" starttime="20200622 16:22:08.322" endtime="20200622 16:22:08.390"></status>
</kw>
<status status="PASS" starttime="20200622 16:22:05.970" endtime="20200622 16:22:08.390"></status>
</kw>
<kw name="${i} = 5" type="foritem">
<kw name="Click Element" library="SeleniumLibrary">
<doc>Click element identified by ``locator``.</doc>
<arguments>
<arg>xpath=//*[@id='rso']/div[${i}]/div/div[1]/a</arg>
</arguments>
<msg timestamp="20200622 16:22:08.391" level="INFO">Clicking element 'xpath=//*[@id='rso']/div[5]/div/div[1]/a'.</msg>
<status status="PASS" starttime="20200622 16:22:08.390" endtime="20200622 16:22:10.060"></status>
</kw>
<kw name="Wait Until Page Contains" library="SeleniumLibrary">
<doc>Waits until ``text`` appears on current page.</doc>
<arguments>
<arg>${search_value}</arg>
</arguments>
<status status="PASS" starttime="20200622 16:22:10.061" endtime="20200622 16:22:10.100"></status>
</kw>
<kw name="Go Back" library="SeleniumLibrary">
<doc>Simulates the user clicking the back button on their browser.</doc>
<status status="PASS" starttime="20200622 16:22:10.101" endtime="20200622 16:22:10.426"></status>
</kw>
<kw name="Wait Until Element Is Visible" library="SeleniumLibrary">
<doc>Waits until element ``locator`` is visible.</doc>
<arguments>
<arg>${locator_value}</arg>
</arguments>
<status status="PASS" starttime="20200622 16:22:10.427" endtime="20200622 16:22:10.487"></status>
</kw>
<status status="PASS" starttime="20200622 16:22:08.390" endtime="20200622 16:22:10.487"></status>
</kw>
<status status="PASS" starttime="20200622 16:22:03.164" endtime="20200622 16:22:10.487"></status>
</kw>
<status status="PASS" starttime="20200622 16:22:03.163" endtime="20200622 16:22:10.487"></status>
</kw>
<kw name="Close Browser" library="SeleniumLibrary" type="teardown">
<doc>Closes the current browser.</doc>
<status status="PASS" starttime="20200622 16:22:10.488" endtime="20200622 16:22:11.983"></status>
</kw>
<status status="PASS" starttime="20200622 16:21:53.997" endtime="20200622 16:22:11.984" critical="yes"></status>
</test>
<status status="PASS" starttime="20200622 16:21:53.649" endtime="20200622 16:22:11.985"></status>
</suite>
<statistics>
<total>
<stat pass="1" fail="0">Critical Tests</stat>
<stat pass="1" fail="0">All Tests</stat>
</total>
<tag>
</tag>
<suite>
<stat pass="1" fail="0" id="s1" name="Forloop">Forloop</stat>
</suite>
</statistics>
<errors>
</errors>
</robot>
