<?xml version="1.0" encoding="UTF-8"?>
<robot generator="Robot 3.1.2 (Python 3.7.4 on win32)" generated="20200701 08:47:49.793" rpa="false">
<suite id="s1" name="Argument" source="D:\Test\argument.robot">
<test id="s1-t1" name="Hello Arguments">
<kw name="TestArgument">
<arguments>
<arg>robot</arg>
<arg>framework</arg>
</arguments>
<kw name="Log To Console" library="BuiltIn">
<doc>Logs the given message to the console.</doc>
<arguments>
<arg>${first}</arg>
</arguments>
<status status="PASS" starttime="20200701 08:47:50.181" endtime="20200701 08:47:50.182"></status>
</kw>
<kw name="Log To Console" library="BuiltIn">
<doc>Logs the given message to the console.</doc>
<arguments>
<arg>${second}</arg>
</arguments>
<status status="PASS" starttime="20200701 08:47:50.182" endtime="20200701 08:47:50.182"></status>
</kw>
<status status="PASS" starttime="20200701 08:47:50.181" endtime="20200701 08:47:50.182"></status>
</kw>
<status status="PASS" starttime="20200701 08:47:50.180" endtime="20200701 08:47:50.183" critical="yes"></status>
</test>
<status status="PASS" starttime="20200701 08:47:49.796" endtime="20200701 08:47:50.187"></status>
</suite>
<statistics>
<total>
<stat pass="1" fail="0">Critical Tests</stat>
<stat pass="1" fail="0">All Tests</stat>
</total>
<tag>
</tag>
<suite>
<stat pass="1" fail="0" id="s1" name="Argument">Argument</stat>
</suite>
</statistics>
<errors>
</errors>
</robot>
