<?xml version="1.0" encoding="UTF-8"?>
<robot generator="Robot 3.1.2 (Python 3.7.4 on win32)" generated="20200617 15:34:41.188" rpa="false">
<suite id="s1" name="openAndSearch" source="D:\Test\openAndSearch\chrome\openAndSearch.robot">
<test id="s1-t1" name="openGoogle">
<kw name="เปิดหน้าBrowser Google">
<kw name="Open Browser" library="SeleniumLibrary">
<doc>Opens a new browser instance to the given ``url``.</doc>
<arguments>
<arg>${URL}</arg>
<arg>${BROWSER}</arg>
</arguments>
<msg timestamp="20200617 15:34:41.468" level="INFO">Opening browser 'chrome' to base url 'https://google.com/'.</msg>
<status status="PASS" starttime="20200617 15:34:41.467" endtime="20200617 15:34:45.850"></status>
</kw>
<kw name="Maximize Browser Window" library="SeleniumLibrary">
<doc>Maximizes current browser window.</doc>
<status status="PASS" starttime="20200617 15:34:45.850" endtime="20200617 15:34:47.973"></status>
</kw>
<status status="PASS" starttime="20200617 15:34:41.467" endtime="20200617 15:34:47.973"></status>
</kw>
<kw name="ค้นหาคำว่าสวัสดี">
<kw name="Input Text" library="SeleniumLibrary">
<doc>Types the given ``text`` into text field identified by ``locator``.</doc>
<arguments>
<arg>${name_Input}</arg>
<arg>${word}</arg>
</arguments>
<msg timestamp="20200617 15:34:47.975" level="INFO">Typing text 'สวัสดี' into text field 'name=q'.</msg>
<status status="PASS" starttime="20200617 15:34:47.974" endtime="20200617 15:34:48.113"></status>
</kw>
<status status="PASS" starttime="20200617 15:34:47.974" endtime="20200617 15:34:48.113"></status>
</kw>
<kw name="กดปุ่มค้นหา">
<kw name="Click Button" library="SeleniumLibrary">
<doc>Clicks button identified by ``locator``.</doc>
<arguments>
<arg>${name_Button}</arg>
</arguments>
<msg timestamp="20200617 15:34:48.115" level="INFO">Clicking button 'name=btnK'.</msg>
<status status="PASS" starttime="20200617 15:34:48.115" endtime="20200617 15:34:49.927"></status>
</kw>
<status status="PASS" starttime="20200617 15:34:48.114" endtime="20200617 15:34:49.928"></status>
</kw>
<kw name="รอผลลัพธ์การค้นหา">
<kw name="Wait Until Element Contains" library="SeleniumLibrary">
<doc>Waits until element ``locator`` contains ``text``.</doc>
<arguments>
<arg>${locator_value}</arg>
<arg>${word_value}</arg>
<arg>timeout=10</arg>
</arguments>
<status status="PASS" starttime="20200617 15:34:49.929" endtime="20200617 15:34:49.966"></status>
</kw>
<status status="PASS" starttime="20200617 15:34:49.928" endtime="20200617 15:34:49.967"></status>
</kw>
<kw name="Close Browser" library="SeleniumLibrary">
<doc>Closes the current browser.</doc>
<status status="PASS" starttime="20200617 15:34:49.967" endtime="20200617 15:34:52.214"></status>
</kw>
<status status="PASS" starttime="20200617 15:34:41.466" endtime="20200617 15:34:52.216" critical="yes"></status>
</test>
<status status="PASS" starttime="20200617 15:34:41.190" endtime="20200617 15:34:52.218"></status>
</suite>
<statistics>
<total>
<stat pass="1" fail="0">Critical Tests</stat>
<stat pass="1" fail="0">All Tests</stat>
</total>
<tag>
</tag>
<suite>
<stat pass="1" fail="0" id="s1" name="openAndSearch">openAndSearch</stat>
</suite>
</statistics>
<errors>
</errors>
</robot>
