<?xml version="1.0" encoding="UTF-8"?>
<robot generator="Robot 3.1.2 (Python 3.7.4 on win32)" generated="20200618 15:13:24.386" rpa="false">
<suite id="s1" name="openAndSearch" source="D:\Test\openAndSearch\chrome\openAndSearch.robot">
<test id="s1-t1" name="openGoogle">
<kw name="เปิดหน้าBrowser Google">
<kw name="Open Browser" library="SeleniumLibrary">
<doc>Opens a new browser instance to the given ``url``.</doc>
<arguments>
<arg>${URL}</arg>
<arg>${BROWSER}</arg>
</arguments>
<msg timestamp="20200618 15:13:24.695" level="INFO">Opening browser 'chrome' to base url 'https://google.com/'.</msg>
<status status="PASS" starttime="20200618 15:13:24.694" endtime="20200618 15:13:29.151"></status>
</kw>
<kw name="Maximize Browser Window" library="SeleniumLibrary">
<doc>Maximizes current browser window.</doc>
<status status="PASS" starttime="20200618 15:13:29.151" endtime="20200618 15:13:31.304"></status>
</kw>
<status status="PASS" starttime="20200618 15:13:24.694" endtime="20200618 15:13:31.304"></status>
</kw>
<kw name="ค้นหาคำว่าสวัสดี">
<kw name="Input Text" library="SeleniumLibrary">
<doc>Types the given ``text`` into text field identified by ``locator``.</doc>
<arguments>
<arg>${name_Input}</arg>
<arg>${word}</arg>
</arguments>
<msg timestamp="20200618 15:13:31.309" level="INFO">Typing text 'สวัสดี' into text field 'name=q'.</msg>
<status status="PASS" starttime="20200618 15:13:31.309" endtime="20200618 15:13:31.446"></status>
</kw>
<status status="PASS" starttime="20200618 15:13:31.309" endtime="20200618 15:13:31.446"></status>
</kw>
<kw name="กดปุ่มค้นหา">
<kw name="Click Button" library="SeleniumLibrary">
<doc>Clicks button identified by ``locator``.</doc>
<arguments>
<arg>${name_Button}</arg>
</arguments>
<msg timestamp="20200618 15:13:31.448" level="INFO">Clicking button 'name=btnK'.</msg>
<status status="PASS" starttime="20200618 15:13:31.447" endtime="20200618 15:13:33.433"></status>
</kw>
<status status="PASS" starttime="20200618 15:13:31.447" endtime="20200618 15:13:33.433"></status>
</kw>
<kw name="รอผลลัพธ์การค้นหา">
<kw name="Wait Until Element Contains" library="SeleniumLibrary">
<doc>Waits until element ``locator`` contains ``text``.</doc>
<arguments>
<arg>${locator_value}</arg>
<arg>${word_value}</arg>
<arg>timeout=10</arg>
</arguments>
<status status="PASS" starttime="20200618 15:13:33.434" endtime="20200618 15:13:33.472"></status>
</kw>
<status status="PASS" starttime="20200618 15:13:33.434" endtime="20200618 15:13:33.473"></status>
</kw>
<kw name="Close Browser" library="SeleniumLibrary" type="teardown">
<doc>Closes the current browser.</doc>
<status status="PASS" starttime="20200618 15:13:33.473" endtime="20200618 15:13:35.766"></status>
</kw>
<status status="PASS" starttime="20200618 15:13:24.693" endtime="20200618 15:13:35.768" critical="yes"></status>
</test>
<status status="PASS" starttime="20200618 15:13:24.402" endtime="20200618 15:13:35.771"></status>
</suite>
<statistics>
<total>
<stat pass="1" fail="0">Critical Tests</stat>
<stat pass="1" fail="0">All Tests</stat>
</total>
<tag>
</tag>
<suite>
<stat pass="1" fail="0" id="s1" name="openAndSearch">openAndSearch</stat>
</suite>
</statistics>
<errors>
</errors>
</robot>
