<?xml version="1.0" encoding="UTF-8"?>
<robot generator="Robot 3.1.2 (Python 3.7.4 on win32)" generated="20200617 15:40:39.467" rpa="false">
<suite id="s1" name="openAndSearchfirefox" source="D:\Test\openAndSearch\firefox\openAndSearchfirefox.robot">
<test id="s1-t1" name="openfirefox">
<kw name="เปิดBrowserFireFox">
<kw name="Open Browser" library="SeleniumLibrary">
<doc>Opens a new browser instance to the given ``url``.</doc>
<arguments>
<arg>${URL}</arg>
</arguments>
<msg timestamp="20200617 15:40:39.758" level="INFO">Opening browser 'firefox' to base url 'https://google.com/'.</msg>
<status status="PASS" starttime="20200617 15:40:39.758" endtime="20200617 15:40:47.461"></status>
</kw>
<status status="PASS" starttime="20200617 15:40:39.758" endtime="20200617 15:40:47.461"></status>
</kw>
<kw name="ค้นหาคำว่าสวัสดี">
<kw name="Input Text" library="SeleniumLibrary">
<doc>Types the given ``text`` into text field identified by ``locator``.</doc>
<arguments>
<arg>${name_Input}</arg>
<arg>${word}</arg>
</arguments>
<msg timestamp="20200617 15:40:47.475" level="INFO">Typing text 'สวัสดี' into text field 'name=q'.</msg>
<status status="PASS" starttime="20200617 15:40:47.474" endtime="20200617 15:40:47.576"></status>
</kw>
<kw name="Click Button" library="SeleniumLibrary">
<doc>Clicks button identified by ``locator``.</doc>
<arguments>
<arg>${name_Button}</arg>
</arguments>
<msg timestamp="20200617 15:40:47.576" level="INFO">Clicking button 'xpath=/html/body/div/div[3]/form/div[2]/div[1]/div[3]/center/input[1]'.</msg>
<status status="PASS" starttime="20200617 15:40:47.576" endtime="20200617 15:40:49.082"></status>
</kw>
<status status="PASS" starttime="20200617 15:40:47.474" endtime="20200617 15:40:49.082"></status>
</kw>
<kw name="รอผลลัพธ์การค้นหา">
<kw name="Wait Until Element Contains" library="SeleniumLibrary">
<doc>Waits until element ``locator`` contains ``text``.</doc>
<arguments>
<arg>${locator_value}</arg>
<arg>${word_value}</arg>
<arg>timeout=10</arg>
</arguments>
<status status="PASS" starttime="20200617 15:40:49.095" endtime="20200617 15:40:49.138"></status>
</kw>
<status status="PASS" starttime="20200617 15:40:49.095" endtime="20200617 15:40:49.138"></status>
</kw>
<kw name="Close Browser" library="SeleniumLibrary">
<doc>Closes the current browser.</doc>
<status status="PASS" starttime="20200617 15:40:49.139" endtime="20200617 15:40:50.202"></status>
</kw>
<status status="PASS" starttime="20200617 15:40:39.757" endtime="20200617 15:40:50.204" critical="yes"></status>
</test>
<status status="PASS" starttime="20200617 15:40:39.467" endtime="20200617 15:40:50.207"></status>
</suite>
<statistics>
<total>
<stat pass="1" fail="0">Critical Tests</stat>
<stat pass="1" fail="0">All Tests</stat>
</total>
<tag>
</tag>
<suite>
<stat pass="1" fail="0" id="s1" name="openAndSearchfirefox">openAndSearchfirefox</stat>
</suite>
</statistics>
<errors>
</errors>
</robot>
