<?xml version="1.0" encoding="UTF-8"?>
<robot generator="Robot 3.1.2 (Python 3.7.4 on win32)" generated="20200707 10:48:23.667" rpa="false">
<suite id="s1" name="my AIS" source="D:\Test\my_AIS\my_AIS.robot">
<test id="s1-t1" name="openMyAISweb">
<kw name="open Web MyAIS">
<kw name="Open Browser" library="SeleniumLibrary">
<doc>Opens a new browser instance to the given ``url``.</doc>
<arguments>
<arg>${URL_ais}</arg>
<arg>${Browser}</arg>
</arguments>
<msg timestamp="20200707 10:48:24.174" level="INFO">Opening browser 'gc' to base url 'https://myais.ais.co.th/login?returnUrl=%2Fhome'.</msg>
<status status="PASS" starttime="20200707 10:48:24.173" endtime="20200707 10:48:29.633"></status>
</kw>
<kw name="Input Text" library="SeleniumLibrary">
<doc>Types the given ``text`` into text field identified by ``locator``.</doc>
<arguments>
<arg>${login}</arg>
<arg>${tel_login}</arg>
</arguments>
<msg timestamp="20200707 10:48:29.634" level="INFO">Typing text '0847323566' into text field 'id=txtLoginFormMobile'.</msg>
<status status="PASS" starttime="20200707 10:48:29.634" endtime="20200707 10:48:29.930"></status>
</kw>
<kw name="Click Button" library="SeleniumLibrary">
<doc>Clicks button identified by ``locator``.</doc>
<arguments>
<arg>${Button}</arg>
</arguments>
<msg timestamp="20200707 10:48:29.930" level="INFO">Clicking button 'id=btnLoginFormSubmitMobile'.</msg>
<status status="PASS" starttime="20200707 10:48:29.930" endtime="20200707 10:48:30.162"></status>
</kw>
<status status="PASS" starttime="20200707 10:48:24.173" endtime="20200707 10:48:30.162"></status>
</kw>
<kw name="Launch app">
<kw name="Open Application" library="AppiumLibrary">
<doc>Opens a new application to given Appium server.
Capabilities of appium server, Android and iOS,
Please check https://github.com/appium/appium/blob/master/docs/en/writing-running-appium/server-args.md
| *Option*            | *Man.* | *Description*     |
| remote_url          | Yes    | Appium server url |
| alias               | no     | alias             |</doc>
<arguments>
<arg>${REMOTE_URL}</arg>
<arg>platformName=${platformName}</arg>
<arg>deviceName=${deviceName}</arg>
<arg>platformVersion=${platformVersion}</arg>
<arg>appActivity=${appActivity}</arg>
<arg>appPackage=${appPackage}</arg>
<arg>noReset=${noReset}</arg>
</arguments>
<status status="PASS" starttime="20200707 10:48:30.164" endtime="20200707 10:48:54.966"></status>
</kw>
<kw name="Click Element" library="AppiumLibrary">
<doc>Click element identified by `locator`.</doc>
<arguments>
<arg>${text_mood}</arg>
</arguments>
<msg timestamp="20200707 10:48:54.970" level="INFO">Clicking element 'xpath=/hierarchy/android.widget.FrameLayout/android.widget.LinearLayout/android.widget.FrameLayout/android.widget.FrameLayout/android.widget.FrameLayout/android.widget.FrameLayout/android.widget.FrameLayout[6]/androidx.drawerlayout.widget.DrawerLayout/android.widget.FrameLayout/androidx.viewpager.widget.ViewPager/android.widget.FrameLayout/android.widget.FrameLayout/android.widget.LinearLayout/android.widget.FrameLayout/androidx.recyclerview.widget.RecyclerView/android.widget.FrameLayout[1]/android.widget.FrameLayout/android.widget.FrameLayout[3]/android.widget.LinearLayout/android.widget.LinearLayout[1]/android.widget.TextView'.</msg>
<status status="PASS" starttime="20200707 10:48:54.967" endtime="20200707 10:48:59.612"></status>
</kw>
<kw name="Get Text" library="AppiumLibrary">
<doc>Get element text (for hybrid and mobile browser use `xpath` locator, others might cause problem)</doc>
<arguments>
<arg>${text_box}</arg>
</arguments>
<assign>
<var>${massage}</var>
</assign>
<kw name="Capture Page Screenshot">
<msg timestamp="20200707 10:49:00.941" level="FAIL">Multiple keywords with name 'Capture Page Screenshot' found. Give the full name of the keyword you want to use:
    AppiumLibrary.Capture Page Screenshot
    SeleniumLibrary.Capture Page Screenshot</msg>
<status status="FAIL" starttime="20200707 10:49:00.941" endtime="20200707 10:49:00.941"></status>
</kw>
<msg timestamp="20200707 10:49:00.942" level="WARN">Keyword 'Capture Page Screenshot' could not be run on failure: Multiple keywords with name 'Capture Page Screenshot' found. Give the full name of the keyword you want to use:
    AppiumLibrary.Capture Page Screenshot
    SeleniumLibrary.Capture Page Screenshot</msg>
<msg timestamp="20200707 10:49:00.950" level="FAIL">ValueError: Element locator 'xpath=/hierarchy/android.widget.FrameLayout/android.widget.LinearLayout/android.widget.FrameLayout/android.widget.FrameLayout/android.widget.FrameLayout/android.widget.FrameLayout/android.widget.FrameLayout[5]/android.widget.FrameLayout/android.widget.RelativeLayout/android.widget.FrameLayout[3]/android.view.ViewGroup/androidx.recyclerview.widget.RecyclerView/android.widget.FrameLayout[7]/android.widget.FrameLayout/android.widget.LinearLayout/android.widget.FrameLayout/android.widget.FrameLayout/android.widget.LinearLayout/android.widget.TextView' did not match any elements.</msg>
<status status="FAIL" starttime="20200707 10:48:59.612" endtime="20200707 10:49:00.950"></status>
</kw>
<status status="FAIL" starttime="20200707 10:48:30.163" endtime="20200707 10:49:00.951"></status>
</kw>
<status status="FAIL" starttime="20200707 10:48:24.172" endtime="20200707 10:49:00.951" critical="yes">ValueError: Element locator 'xpath=/hierarchy/android.widget.FrameLayout/android.widget.LinearLayout/android.widget.FrameLayout/android.widget.FrameLayout/android.widget.FrameLayout/android.widget.FrameLayout/android.widget.FrameLayout[5]/android.widget.FrameLayout/android.widget.RelativeLayout/android.widget.FrameLayout[3]/android.view.ViewGroup/androidx.recyclerview.widget.RecyclerView/android.widget.FrameLayout[7]/android.widget.FrameLayout/android.widget.LinearLayout/android.widget.FrameLayout/android.widget.FrameLayout/android.widget.LinearLayout/android.widget.TextView' did not match any elements.</status>
</test>
<status status="FAIL" starttime="20200707 10:48:23.669" endtime="20200707 10:49:00.965"></status>
</suite>
<statistics>
<total>
<stat pass="0" fail="1">Critical Tests</stat>
<stat pass="0" fail="1">All Tests</stat>
</total>
<tag>
</tag>
<suite>
<stat pass="0" fail="1" id="s1" name="my AIS">my AIS</stat>
</suite>
</statistics>
<errors>
<msg timestamp="20200707 10:49:00.942" level="WARN">Keyword 'Capture Page Screenshot' could not be run on failure: Multiple keywords with name 'Capture Page Screenshot' found. Give the full name of the keyword you want to use:
    AppiumLibrary.Capture Page Screenshot
    SeleniumLibrary.Capture Page Screenshot</msg>
</errors>
</robot>
