<?xml version="1.0" encoding="UTF-8"?>
<robot generator="Rebot 3.1.2 (Python 3.7.4 on win32)" generated="20200701 09:20:19.240" rpa="false">
<suite id="s1" name="Grid" source="D:\Test\seleniumGrid\grid.robot">
<test id="s1-t1" name="open google">
<kw name="open google" library="Keyword">
<arguments>
<arg>gc</arg>
<arg>ff</arg>
<arg>opera</arg>
</arguments>
<kw name="Open Browser" library="SeleniumLibrary">
<doc>Opens a new browser instance to the given ``url``.</doc>
<arguments>
<arg>${URL}</arg>
<arg>${Browser_gc}</arg>
</arguments>
<msg timestamp="20200701 09:20:00.164" level="INFO">Opening browser 'gc' to base url 'http://google.com/'.</msg>
<status status="PASS" starttime="20200701 09:20:00.164" endtime="20200701 09:20:04.849"></status>
</kw>
<kw name="Open Browser" library="SeleniumLibrary">
<doc>Opens a new browser instance to the given ``url``.</doc>
<arguments>
<arg>${URL}</arg>
<arg>${Browser_ff}</arg>
</arguments>
<msg timestamp="20200701 09:20:04.850" level="INFO">Opening browser 'ff' to base url 'http://google.com/'.</msg>
<status status="PASS" starttime="20200701 09:20:04.850" endtime="20200701 09:20:13.060"></status>
</kw>
<kw name="Open Browser" library="SeleniumLibrary">
<doc>Opens a new browser instance to the given ``url``.</doc>
<arguments>
<arg>${URL}</arg>
<arg>${Browser_op}</arg>
</arguments>
<msg timestamp="20200701 09:20:13.061" level="INFO">Opening browser 'opera' to base url 'http://google.com/'.</msg>
<status status="PASS" starttime="20200701 09:20:13.060" endtime="20200701 09:20:19.008"></status>
</kw>
<status status="PASS" starttime="20200701 09:20:00.163" endtime="20200701 09:20:19.008"></status>
</kw>
<status status="PASS" starttime="20200701 09:20:00.163" endtime="20200701 09:20:19.008" critical="yes"></status>
</test>
<doc>[https://pabot.org/?ref=log|Pabot] result from 1 executions.</doc>
<status status="PASS" starttime="20200701 09:19:59.836" endtime="20200701 09:20:19.010"></status>
</suite>
<statistics>
<total>
<stat pass="1" fail="0">Critical Tests</stat>
<stat pass="1" fail="0">All Tests</stat>
</total>
<tag>
</tag>
<suite>
<stat pass="1" fail="0" id="s1" name="Grid">Grid</stat>
</suite>
</statistics>
<errors>
</errors>
</robot>
